  HardwareMonitorLib.cpp
D:\MyProjects\HardwareMonitor\HardwareMonitorLib\HardwareMonitorLib.h(27,37): warning C4251: 'SystemMonitorWrapper::m_computer': 'std::unique_ptr<ComputerWrapper,std::default_delete<_Ty>>' needs to have dll-interface to be used by clients of 'SystemMonitorWrapper'
D:\MyProjects\HardwareMonitor\HardwareMonitorLib\HardwareMonitorLib.h(27,37): warning C4251:         with
D:\MyProjects\HardwareMonitor\HardwareMonitorLib\HardwareMonitorLib.h(27,37): warning C4251:         [
D:\MyProjects\HardwareMonitor\HardwareMonitorLib\HardwareMonitorLib.h(27,37): warning C4251:             _Ty=ComputerWrapper
D:\MyProjects\HardwareMonitor\HardwareMonitorLib\HardwareMonitorLib.h(27,37): warning C4251:         ]
  (compiling source file 'HardwareMonitorLib.cpp')
      D:\Program Files\Microsoft Visual Studio\2022\Community\VC\Tools\MSVC\14.41.34120\include\memory(3335,7):
      see declaration of 'std::unique_ptr<ComputerWrapper,std::default_delete<_Ty>>'
          with
          [
              _Ty=ComputerWrapper
          ]
  
D:\MyProjects\HardwareMonitor\HardwareMonitorLib\HardwareMonitorLib.h(28,42): warning C4251: 'SystemMonitorWrapper::m_updateVisitor': 'std::unique_ptr<UpdateVisitorWrapper,std::default_delete<_Ty>>' needs to have dll-interface to be used by clients of 'SystemMonitorWrapper'
D:\MyProjects\HardwareMonitor\HardwareMonitorLib\HardwareMonitorLib.h(28,42): warning C4251:         with
D:\MyProjects\HardwareMonitor\HardwareMonitorLib\HardwareMonitorLib.h(28,42): warning C4251:         [
D:\MyProjects\HardwareMonitor\HardwareMonitorLib\HardwareMonitorLib.h(28,42): warning C4251:             _Ty=UpdateVisitorWrapper
D:\MyProjects\HardwareMonitor\HardwareMonitorLib\HardwareMonitorLib.h(28,42): warning C4251:         ]
  (compiling source file 'HardwareMonitorLib.cpp')
      D:\Program Files\Microsoft Visual Studio\2022\Community\VC\Tools\MSVC\14.41.34120\include\memory(3335,7):
      see declaration of 'std::unique_ptr<UpdateVisitorWrapper,std::default_delete<_Ty>>'
          with
          [
              _Ty=UpdateVisitorWrapper
          ]
  
D:\MyProjects\HardwareMonitor\HardwareMonitorLib\LibreHardwareMonitorLib\ComputerWrapper.h(4,8): warning C4099: 'ComputerWrapper': type name first seen using 'class' now seen using 'struct'
  (compiling source file 'HardwareMonitorLib.cpp')
      D:\MyProjects\HardwareMonitor\HardwareMonitorLib\LibreHardwareMonitorLib\ComputerWrapper.h(4,8):
      see declaration of 'ComputerWrapper'
  
D:\MyProjects\HardwareMonitor\HardwareMonitorLib\LibreHardwareMonitorLib\UpdateVisitor\UpdateVisitorWrapper.h(6,8): warning C4099: 'UpdateVisitorWrapper': type name first seen using 'class' now seen using 'struct'
  (compiling source file 'HardwareMonitorLib.cpp')
      D:\MyProjects\HardwareMonitor\HardwareMonitorLib\LibreHardwareMonitorLib\UpdateVisitor\UpdateVisitorWrapper.h(6,8):
      see declaration of 'UpdateVisitorWrapper'
  
  HardwareUtils.cpp
  UpdateVisitor.cpp
  .NETFramework,Version=v4.7.2.AssemblyAttributes.cpp
  Generating Code...
  HardwareMonitorLib.obj : MSIL module encountered; incremental linking is disabled for MSIL; performing full link
     Creating library D:\MyProjects\HardwareMonitor\bin\Debug\HardwareMonitorLib.lib and object D:\MyProjects\HardwareMonitor\bin\Debug\HardwareMonitorLib.exp
  HardwareMonitorLib.vcxproj -> D:\MyProjects\HardwareMonitor\bin\Debug\HardwareMonitorLib.dll
